{"obj": {"type": "AssignString", "path": ["sys", "name"], "value": "Untitled"}, "version": 1}
{"obj": {"type": "AssignString", "path": ["sys", "description"], "value": ""}, "version": 2}
{"obj": {"type": "AssignString", "path": ["monitoring", "854c1190", "hostname"], "value": "sunlab-serv-03.cs.illinois.edu"}, "version": 3}
{"obj": {"type": "AssignString", "path": ["sys", "hostname"], "value": "sunlab-serv-03.cs.illinois.edu"}, "version": 4}
{"obj": {"type": "AssignString", "path": ["monitoring", "854c1190", "pid"], "value": "9018"}, "version": 5}
{"obj": {"type": "AssignString", "path": ["monitoring", "854c1190", "tid"], "value": "140651066685248"}, "version": 6}
{"obj": {"type": "AssignBool", "path": ["sys", "failed"], "value": false}, "version": 7}
{"obj": {"type": "ClearStringLog", "path": ["monitoring", "854c1190", "stdout"]}, "version": 8}
{"obj": {"type": "ClearStringLog", "path": ["monitoring", "854c1190", "stderr"]}, "version": 9}
{"obj": {"type": "AssignString", "path": ["source_code", "entrypoint"], "value": "pretrain.py"}, "version": 10}
{"obj": {"type": "UploadFileSet", "path": ["source_code", "files"], "file_globs": ["/home/pj20/gode/k_level_pretrain/pretrain.py"], "reset": "False"}, "version": 11}
{"obj": {"type": "ConfigFloatSeries", "path": ["monitoring", "854c1190", "cpu"], "min": 0.0, "max": 100.0, "unit": "%"}, "version": 12}
{"obj": {"type": "ClearFloatLog", "path": ["monitoring", "854c1190", "cpu"]}, "version": 13}
{"obj": {"type": "ConfigFloatSeries", "path": ["monitoring", "854c1190", "memory"], "min": 0.0, "max": 503.58176040649414, "unit": "GB"}, "version": 14}
{"obj": {"type": "ClearFloatLog", "path": ["monitoring", "854c1190", "memory"]}, "version": 15}
{"obj": {"type": "ConfigFloatSeries", "path": ["monitoring", "854c1190", "gpu_0"], "min": 0.0, "max": 100.0, "unit": "%"}, "version": 16}
{"obj": {"type": "ClearFloatLog", "path": ["monitoring", "854c1190", "gpu_0"]}, "version": 17}
{"obj": {"type": "ConfigFloatSeries", "path": ["monitoring", "854c1190", "gpu_1"], "min": 0.0, "max": 100.0, "unit": "%"}, "version": 18}
{"obj": {"type": "ClearFloatLog", "path": ["monitoring", "854c1190", "gpu_1"]}, "version": 19}
{"obj": {"type": "ConfigFloatSeries", "path": ["monitoring", "854c1190", "gpu_2"], "min": 0.0, "max": 100.0, "unit": "%"}, "version": 20}
{"obj": {"type": "ClearFloatLog", "path": ["monitoring", "854c1190", "gpu_2"]}, "version": 21}
{"obj": {"type": "ConfigFloatSeries", "path": ["monitoring", "854c1190", "gpu_3"], "min": 0.0, "max": 100.0, "unit": "%"}, "version": 22}
{"obj": {"type": "ClearFloatLog", "path": ["monitoring", "854c1190", "gpu_3"]}, "version": 23}
{"obj": {"type": "ConfigFloatSeries", "path": ["monitoring", "854c1190", "gpu_4"], "min": 0.0, "max": 100.0, "unit": "%"}, "version": 24}
{"obj": {"type": "ClearFloatLog", "path": ["monitoring", "854c1190", "gpu_4"]}, "version": 25}
{"obj": {"type": "ConfigFloatSeries", "path": ["monitoring", "854c1190", "gpu_5"], "min": 0.0, "max": 100.0, "unit": "%"}, "version": 26}
{"obj": {"type": "ClearFloatLog", "path": ["monitoring", "854c1190", "gpu_5"]}, "version": 27}
{"obj": {"type": "ConfigFloatSeries", "path": ["monitoring", "854c1190", "gpu_6"], "min": 0.0, "max": 100.0, "unit": "%"}, "version": 28}
{"obj": {"type": "ClearFloatLog", "path": ["monitoring", "854c1190", "gpu_6"]}, "version": 29}
{"obj": {"type": "ConfigFloatSeries", "path": ["monitoring", "854c1190", "gpu_7"], "min": 0.0, "max": 100.0, "unit": "%"}, "version": 30}
{"obj": {"type": "ClearFloatLog", "path": ["monitoring", "854c1190", "gpu_7"]}, "version": 31}
{"obj": {"type": "ConfigFloatSeries", "path": ["monitoring", "854c1190", "gpu_memory_0"], "min": 0.0, "max": 47.98828125, "unit": "GB"}, "version": 32}
{"obj": {"type": "ClearFloatLog", "path": ["monitoring", "854c1190", "gpu_memory_0"]}, "version": 33}
{"obj": {"type": "ConfigFloatSeries", "path": ["monitoring", "854c1190", "gpu_memory_1"], "min": 0.0, "max": 47.98828125, "unit": "GB"}, "version": 34}
{"obj": {"type": "ClearFloatLog", "path": ["monitoring", "854c1190", "gpu_memory_1"]}, "version": 35}
{"obj": {"type": "ConfigFloatSeries", "path": ["monitoring", "854c1190", "gpu_memory_2"], "min": 0.0, "max": 47.98828125, "unit": "GB"}, "version": 36}
{"obj": {"type": "ClearFloatLog", "path": ["monitoring", "854c1190", "gpu_memory_2"]}, "version": 37}
{"obj": {"type": "ConfigFloatSeries", "path": ["monitoring", "854c1190", "gpu_memory_3"], "min": 0.0, "max": 47.98828125, "unit": "GB"}, "version": 38}
{"obj": {"type": "ClearFloatLog", "path": ["monitoring", "854c1190", "gpu_memory_3"]}, "version": 39}
{"obj": {"type": "ConfigFloatSeries", "path": ["monitoring", "854c1190", "gpu_memory_4"], "min": 0.0, "max": 47.98828125, "unit": "GB"}, "version": 40}
{"obj": {"type": "ClearFloatLog", "path": ["monitoring", "854c1190", "gpu_memory_4"]}, "version": 41}
{"obj": {"type": "ConfigFloatSeries", "path": ["monitoring", "854c1190", "gpu_memory_5"], "min": 0.0, "max": 47.98828125, "unit": "GB"}, "version": 42}
{"obj": {"type": "ClearFloatLog", "path": ["monitoring", "854c1190", "gpu_memory_5"]}, "version": 43}
{"obj": {"type": "ConfigFloatSeries", "path": ["monitoring", "854c1190", "gpu_memory_6"], "min": 0.0, "max": 47.98828125, "unit": "GB"}, "version": 44}
{"obj": {"type": "ClearFloatLog", "path": ["monitoring", "854c1190", "gpu_memory_6"]}, "version": 45}
{"obj": {"type": "ConfigFloatSeries", "path": ["monitoring", "854c1190", "gpu_memory_7"], "min": 0.0, "max": 47.98828125, "unit": "GB"}, "version": 46}
{"obj": {"type": "ClearFloatLog", "path": ["monitoring", "854c1190", "gpu_memory_7"]}, "version": 47}
{"obj": {"type": "AssignFloat", "path": ["parameters", "lr"], "value": 0.0001}, "version": 48}
{"obj": {"type": "AssignInt", "path": ["parameters", "hidden_dim"], "value": 200}, "version": 49}
{"obj": {"type": "AssignInt", "path": ["parameters", "epochs"], "value": 100}, "version": 50}
{"obj": {"type": "AssignString", "path": ["parameters", "lambda"], "value": "08_15_10"}, "version": 51}
{"obj": {"type": "LogStrings", "path": ["monitoring", "854c1190", "stdout"], "values": [{"value": "Getting everything prepared...", "step": null, "ts": 1690001560.8935778}]}, "version": 52}
{"obj": {"type": "LogStrings", "path": ["monitoring", "854c1190", "stdout"], "values": [{"value": "\n", "step": null, "ts": 1690001560.89513}]}, "version": 53}
{"obj": {"type": "LogStrings", "path": ["monitoring", "854c1190", "stdout"], "values": [{"value": "Loading entity type labels...", "step": null, "ts": 1690001560.8953395}]}, "version": 54}
{"obj": {"type": "LogStrings", "path": ["monitoring", "854c1190", "stdout"], "values": [{"value": "\n", "step": null, "ts": 1690001560.8954418}]}, "version": 55}
{"obj": {"type": "LogFloats", "path": ["monitoring", "854c1190", "cpu"], "values": [{"value": 3.6, "step": null, "ts": 1690001560.8916373}]}, "version": 56}
{"obj": {"type": "LogFloats", "path": ["monitoring", "854c1190", "memory"], "values": [{"value": 142.57528686523438, "step": null, "ts": 1690001560.8916373}]}, "version": 57}
{"obj": {"type": "LogFloats", "path": ["monitoring", "854c1190", "gpu_3"], "values": [{"value": 99.0, "step": null, "ts": 1690001560.8916373}]}, "version": 58}
{"obj": {"type": "LogFloats", "path": ["monitoring", "854c1190", "gpu_6"], "values": [{"value": 97.0, "step": null, "ts": 1690001560.8916373}]}, "version": 59}
{"obj": {"type": "LogFloats", "path": ["monitoring", "854c1190", "gpu_7"], "values": [{"value": 99.0, "step": null, "ts": 1690001560.8916373}]}, "version": 60}
{"obj": {"type": "LogFloats", "path": ["monitoring", "854c1190", "gpu_memory_0"], "values": [{"value": 13.60321044921875, "step": null, "ts": 1690001560.8916373}]}, "version": 61}
{"obj": {"type": "LogFloats", "path": ["monitoring", "854c1190", "gpu_memory_1"], "values": [{"value": 18.26336669921875, "step": null, "ts": 1690001560.8916373}]}, "version": 62}
{"obj": {"type": "LogFloats", "path": ["monitoring", "854c1190", "gpu_memory_2"], "values": [{"value": 1.61395263671875, "step": null, "ts": 1690001560.8916373}]}, "version": 63}
{"obj": {"type": "LogFloats", "path": ["monitoring", "854c1190", "gpu_memory_3"], "values": [{"value": 16.59637451171875, "step": null, "ts": 1690001560.8916373}]}, "version": 64}
{"obj": {"type": "LogFloats", "path": ["monitoring", "854c1190", "gpu_memory_4"], "values": [{"value": 6.66278076171875, "step": null, "ts": 1690001560.8916373}]}, "version": 65}
{"obj": {"type": "LogFloats", "path": ["monitoring", "854c1190", "gpu_memory_5"], "values": [{"value": 1.95965576171875, "step": null, "ts": 1690001560.8916373}]}, "version": 66}
{"obj": {"type": "LogFloats", "path": ["monitoring", "854c1190", "gpu_memory_6"], "values": [{"value": 10.43035888671875, "step": null, "ts": 1690001560.8916373}]}, "version": 67}
{"obj": {"type": "LogFloats", "path": ["monitoring", "854c1190", "gpu_memory_7"], "values": [{"value": 41.33856201171875, "step": null, "ts": 1690001560.8916373}]}, "version": 68}
{"obj": {"type": "LogStrings", "path": ["monitoring", "854c1190", "stdout"], "values": [{"value": "Loading center molecule motifs...", "step": null, "ts": 1690001560.9314225}]}, "version": 69}
{"obj": {"type": "LogStrings", "path": ["monitoring", "854c1190", "stdout"], "values": [{"value": "\n", "step": null, "ts": 1690001560.9316962}]}, "version": 70}
{"obj": {"type": "LogStrings", "path": ["monitoring", "854c1190", "stdout"], "values": [{"value": "Loading entire knowledge graph...", "step": null, "ts": 1690001562.3583848}]}, "version": 71}
{"obj": {"type": "LogStrings", "path": ["monitoring", "854c1190", "stdout"], "values": [{"value": "\n", "step": null, "ts": 1690001562.359123}]}, "version": 72}
{"obj": {"type": "LogFloats", "path": ["monitoring", "854c1190", "cpu"], "values": [{"value": 5.1, "step": null, "ts": 1690001570.9080493}]}, "version": 73}
{"obj": {"type": "LogFloats", "path": ["monitoring", "854c1190", "memory"], "values": [{"value": 145.98109817504883, "step": null, "ts": 1690001570.9080493}]}, "version": 74}
{"obj": {"type": "LogFloats", "path": ["monitoring", "854c1190", "gpu_3"], "values": [{"value": 98.0, "step": null, "ts": 1690001570.9080493}]}, "version": 75}
{"obj": {"type": "LogFloats", "path": ["monitoring", "854c1190", "gpu_6"], "values": [{"value": 97.0, "step": null, "ts": 1690001570.9080493}]}, "version": 76}
{"obj": {"type": "LogFloats", "path": ["monitoring", "854c1190", "gpu_7"], "values": [{"value": 99.0, "step": null, "ts": 1690001570.9080493}]}, "version": 77}
{"obj": {"type": "LogFloats", "path": ["monitoring", "854c1190", "gpu_memory_0"], "values": [{"value": 13.60321044921875, "step": null, "ts": 1690001570.9080493}]}, "version": 78}
{"obj": {"type": "LogFloats", "path": ["monitoring", "854c1190", "gpu_memory_1"], "values": [{"value": 18.26336669921875, "step": null, "ts": 1690001570.9080493}]}, "version": 79}
{"obj": {"type": "LogFloats", "path": ["monitoring", "854c1190", "gpu_memory_2"], "values": [{"value": 1.61395263671875, "step": null, "ts": 1690001570.9080493}]}, "version": 80}
{"obj": {"type": "LogFloats", "path": ["monitoring", "854c1190", "gpu_memory_3"], "values": [{"value": 16.59637451171875, "step": null, "ts": 1690001570.9080493}]}, "version": 81}
{"obj": {"type": "LogFloats", "path": ["monitoring", "854c1190", "gpu_memory_4"], "values": [{"value": 6.66278076171875, "step": null, "ts": 1690001570.9080493}]}, "version": 82}
{"obj": {"type": "LogFloats", "path": ["monitoring", "854c1190", "gpu_memory_5"], "values": [{"value": 1.95965576171875, "step": null, "ts": 1690001570.9080493}]}, "version": 83}
{"obj": {"type": "LogFloats", "path": ["monitoring", "854c1190", "gpu_memory_6"], "values": [{"value": 10.43035888671875, "step": null, "ts": 1690001570.9080493}]}, "version": 84}
{"obj": {"type": "LogFloats", "path": ["monitoring", "854c1190", "gpu_memory_7"], "values": [{"value": 41.33856201171875, "step": null, "ts": 1690001570.9080493}]}, "version": 85}
